Ch04_Preferences/PreferencesProgDemo/app/build/outputs/logs/manifest-merger-debug-report.txt
-- Merging decision tree log ---
manifest
ADDED from src\main\AndroidManifest.xml:3:1-27:12
	package
		ADDED from src\main\AndroidManifest.xml:4:7-55
		INJECTED from src\main\AndroidManifest.xml
		INJECTED from src\main\AndroidManifest.xml
	android:versionName
		ADDED from src\main\AndroidManifest.xml:6:7-32
		INJECTED from src\main\AndroidManifest.xml
		INJECTED from src\main\AndroidManifest.xml
	android:versionCode
		ADDED from src\main\AndroidManifest.xml:5:7-30
		INJECTED from src\main\AndroidManifest.xml
		INJECTED from src\main\AndroidManifest.xml
	xmlns:android
		ADDED from src\main\AndroidManifest.xml:3:11-69
application
ADDED from src\main\AndroidManifest.xml:7:5-24:19
	android:label
		ADDED from src\main\AndroidManifest.xml:7:48-80
	android:icon
		ADDED from src\main\AndroidManifest.xml:7:18-47
activity#com.androidbook.preferences.programmed.MainActivity
ADDED from src\main\AndroidManifest.xml:8:9-14:20
	android:label
		ADDED from src\main\AndroidManifest.xml:9:19-51
	android:name
		ADDED from src\main\AndroidManifest.xml:8:19-47
intent-filter#android.intent.action.MAIN+android.intent.category.LAUNCHER
ADDED from src\main\AndroidManifest.xml:10:13-13:29
action#android.intent.action.MAIN
ADDED from src\main\AndroidManifest.xml:11:17-69
	android:name
		ADDED from src\main\AndroidManifest.xml:11:25-66
category#android.intent.category.LAUNCHER
ADDED from src\main\AndroidManifest.xml:12:17-77
	android:name
		ADDED from src\main\AndroidManifest.xml:12:27-74
activity#com.androidbook.preferences.programmed.FlightPreferenceActivity
ADDED from src\main\AndroidManifest.xml:16:9-22:20
	android:label
		ADDED from src\main\AndroidManifest.xml:17:19-52
	android:name
		ADDED from src\main\AndroidManifest.xml:16:19-97
intent-filter#android.intent.category.PREFERENCE+com.androidbook.preferences.programmed.intent.action.FlightPreferences
ADDED from src\main\AndroidManifest.xml:18:13-21:29
action#com.androidbook.preferences.programmed.intent.action.FlightPreferences
ADDED from src\main\AndroidManifest.xml:19:17-113
	android:name
		ADDED from src\main\AndroidManifest.xml:19:25-110
category#android.intent.category.PREFERENCE
ADDED from src\main\AndroidManifest.xml:20:17-79
	android:name
		ADDED from src\main\AndroidManifest.xml:20:27-76
uses-sdk
ADDED from src\main\AndroidManifest.xml:25:5-43
	android:targetSdkVersion
		INJECTED from src\main\AndroidManifest.xml
		INJECTED from src\main\AndroidManifest.xml
	android:minSdkVersion
		ADDED from src\main\AndroidManifest.xml:25:15-40
		INJECTED from src\main\AndroidManifest.xml
		INJECTED from src\main\AndroidManifest.xml